2023-11-15.16:23:34.614 [info] [id] : /
2023-11-15.16:23:36.762 [info] [id] : /
2023-11-15.16:23:37.647 [info] [id] : /
2023-11-15.16:23:40.788 [info] [id] : /
2023-11-15.16:31:44.182 [info] [id] : /
2023-11-15.16:31:46.216 [error] AxiosError: Request failed with status code 503
    at settle (file:///C:/Projects/next-blog-fe-ts/node_modules/axios/lib/core/settle.js:19:12)
    at IncomingMessage.handleStreamEnd (file:///C:/Projects/next-blog-fe-ts/node_modules/axios/lib/adapters/http.js:572:11)
    at IncomingMessage.emit (node:events:525:35)
    at endReadableNT (node:internal/streams/readable:1359:12)
    at process.processTicksAndRejections (node:internal/process/task_queues:82:21)
2023-11-15.16:34:27.312 [info] [id] : /
2023-11-15.16:34:29.374 [error] AxiosError: Request failed with status code 503
    at settle (file:///C:/Projects/next-blog-fe-ts/node_modules/axios/lib/core/settle.js:19:12)
    at IncomingMessage.handleStreamEnd (file:///C:/Projects/next-blog-fe-ts/node_modules/axios/lib/adapters/http.js:572:11)
    at IncomingMessage.emit (node:events:525:35)
    at endReadableNT (node:internal/streams/readable:1359:12)
    at process.processTicksAndRejections (node:internal/process/task_queues:82:21)
2023-11-15.16:36:21.951 [info] [id] : /
2023-11-15.16:36:23.982 [error] AxiosError: Request failed with status code 503
    at settle (file:///C:/Projects/next-blog-fe-ts/node_modules/axios/lib/core/settle.js:19:12)
    at IncomingMessage.handleStreamEnd (file:///C:/Projects/next-blog-fe-ts/node_modules/axios/lib/adapters/http.js:572:11)
    at IncomingMessage.emit (node:events:525:35)
    at endReadableNT (node:internal/streams/readable:1359:12)
    at process.processTicksAndRejections (node:internal/process/task_queues:82:21)
2023-11-15.16:36:25.293 [info] [id] : /
2023-11-15.16:36:27.331 [error] AxiosError: Request failed with status code 503
    at settle (file:///C:/Projects/next-blog-fe-ts/node_modules/axios/lib/core/settle.js:19:12)
    at IncomingMessage.handleStreamEnd (file:///C:/Projects/next-blog-fe-ts/node_modules/axios/lib/adapters/http.js:572:11)
    at IncomingMessage.emit (node:events:525:35)
    at endReadableNT (node:internal/streams/readable:1359:12)
    at process.processTicksAndRejections (node:internal/process/task_queues:82:21)
2023-11-15.16:45:32.039 [info] [id] : /post
2023-11-15.16:45:34.078 [error] AxiosError: Request failed with status code 503
    at settle (file:///C:/Projects/next-blog-fe-ts/node_modules/axios/lib/core/settle.js:19:12)
    at IncomingMessage.handleStreamEnd (file:///C:/Projects/next-blog-fe-ts/node_modules/axios/lib/adapters/http.js:572:11)
    at IncomingMessage.emit (node:events:525:35)
    at endReadableNT (node:internal/streams/readable:1359:12)
    at process.processTicksAndRejections (node:internal/process/task_queues:82:21)
2023-11-15.16:47:54.420 [info] [id] : /post
2023-11-15.16:47:56.451 [error] AxiosError: Request failed with status code 503
    at settle (file:///C:/Projects/next-blog-fe-ts/node_modules/axios/lib/core/settle.js:19:12)
    at IncomingMessage.handleStreamEnd (file:///C:/Projects/next-blog-fe-ts/node_modules/axios/lib/adapters/http.js:572:11)
    at IncomingMessage.emit (node:events:525:35)
    at endReadableNT (node:internal/streams/readable:1359:12)
    at process.processTicksAndRejections (node:internal/process/task_queues:82:21)
2023-11-15.16:51:38.731 [info] [id] : /post/dddddddddd
2023-11-15.16:51:40.766 [error] AxiosError: Request failed with status code 503
    at settle (file:///C:/Projects/next-blog-fe-ts/node_modules/axios/lib/core/settle.js:19:12)
    at IncomingMessage.handleStreamEnd (file:///C:/Projects/next-blog-fe-ts/node_modules/axios/lib/adapters/http.js:572:11)
    at IncomingMessage.emit (node:events:525:35)
    at endReadableNT (node:internal/streams/readable:1359:12)
    at process.processTicksAndRejections (node:internal/process/task_queues:82:21)
2023-11-15.16:54:23.755 [info] [id] : /post?keyword=dddd
2023-11-15.16:54:25.798 [error] AxiosError: Request failed with status code 503
    at settle (file:///C:/Projects/next-blog-fe-ts/node_modules/axios/lib/core/settle.js:19:12)
    at IncomingMessage.handleStreamEnd (file:///C:/Projects/next-blog-fe-ts/node_modules/axios/lib/adapters/http.js:572:11)
    at IncomingMessage.emit (node:events:525:35)
    at endReadableNT (node:internal/streams/readable:1359:12)
    at process.processTicksAndRejections (node:internal/process/task_queues:82:21)
2023-11-15.16:54:56.187 [info] [id] : /post?keyword=dddd
2023-11-15.16:55:04.399 [info] [id] : /post
2023-11-15.16:55:05.876 [info] [id] : /post/react-tailwind-setup-00003
2023-11-15.16:55:12.114 [info] [id] : /post/dddddddddd
2023-11-15.16:55:12.134 [error] AxiosError: Request failed with status code 404
    at settle (file:///C:/Projects/next-blog-fe-ts/node_modules/axios/lib/core/settle.js:19:12)
    at IncomingMessage.handleStreamEnd (file:///C:/Projects/next-blog-fe-ts/node_modules/axios/lib/adapters/http.js:572:11)
    at IncomingMessage.emit (node:events:525:35)
    at endReadableNT (node:internal/streams/readable:1359:12)
    at process.processTicksAndRejections (node:internal/process/task_queues:82:21)
2023-11-15.16:55:47.854 [info] [id] : /post/dddddddddd
2023-11-15.16:55:47.875 [error] AxiosError: Request failed with status code 404
    at settle (file:///C:/Projects/next-blog-fe-ts/node_modules/axios/lib/core/settle.js:19:12)
    at IncomingMessage.handleStreamEnd (file:///C:/Projects/next-blog-fe-ts/node_modules/axios/lib/adapters/http.js:572:11)
    at IncomingMessage.emit (node:events:525:35)
    at endReadableNT (node:internal/streams/readable:1359:12)
    at process.processTicksAndRejections (node:internal/process/task_queues:82:21)
2023-11-15.16:58:02.528 [info] [id] : /post/dddddddddd
2023-11-15.16:58:02.551 [error] AxiosError: Request failed with status code 404
    at settle (file:///C:/Projects/next-blog-fe-ts/node_modules/axios/lib/core/settle.js:19:12)
    at IncomingMessage.handleStreamEnd (file:///C:/Projects/next-blog-fe-ts/node_modules/axios/lib/adapters/http.js:572:11)
    at IncomingMessage.emit (node:events:525:35)
    at endReadableNT (node:internal/streams/readable:1359:12)
    at process.processTicksAndRejections (node:internal/process/task_queues:82:21)
2023-11-15.16:58:04.619 [info] [id] : /post/dddddddddd
2023-11-15.16:58:04.633 [error] AxiosError: Request failed with status code 404
    at settle (file:///C:/Projects/next-blog-fe-ts/node_modules/axios/lib/core/settle.js:19:12)
    at IncomingMessage.handleStreamEnd (file:///C:/Projects/next-blog-fe-ts/node_modules/axios/lib/adapters/http.js:572:11)
    at IncomingMessage.emit (node:events:525:35)
    at endReadableNT (node:internal/streams/readable:1359:12)
    at process.processTicksAndRejections (node:internal/process/task_queues:82:21)
2023-11-15.16:59:38.671 [info] [id] : /post/dddddddddd
2023-11-15.16:59:38.673 [info] [id] : /post/dddddddddd
2023-11-15.16:59:38.719 [error] AxiosError: Request failed with status code 404
    at settle (file:///C:/Projects/next-blog-fe-ts/node_modules/axios/lib/core/settle.js:19:12)
    at IncomingMessage.handleStreamEnd (file:///C:/Projects/next-blog-fe-ts/node_modules/axios/lib/adapters/http.js:572:11)
    at IncomingMessage.emit (node:events:525:35)
    at endReadableNT (node:internal/streams/readable:1359:12)
    at process.processTicksAndRejections (node:internal/process/task_queues:82:21)
2023-11-15.16:59:38.745 [error] AxiosError: Request failed with status code 404
    at settle (file:///C:/Projects/next-blog-fe-ts/node_modules/axios/lib/core/settle.js:19:12)
    at IncomingMessage.handleStreamEnd (file:///C:/Projects/next-blog-fe-ts/node_modules/axios/lib/adapters/http.js:572:11)
    at IncomingMessage.emit (node:events:525:35)
    at endReadableNT (node:internal/streams/readable:1359:12)
    at process.processTicksAndRejections (node:internal/process/task_queues:82:21)
2023-11-15.16:59:39.234 [info] [id] : /post/dddddddddd
2023-11-15.16:59:39.281 [error] AxiosError: Request failed with status code 404
    at settle (file:///C:/Projects/next-blog-fe-ts/node_modules/axios/lib/core/settle.js:19:12)
    at IncomingMessage.handleStreamEnd (file:///C:/Projects/next-blog-fe-ts/node_modules/axios/lib/adapters/http.js:572:11)
    at IncomingMessage.emit (node:events:525:35)
    at endReadableNT (node:internal/streams/readable:1359:12)
    at process.processTicksAndRejections (node:internal/process/task_queues:82:21)
2023-11-15.16:59:50.660 [info] [id] : /post/dddddddddd
2023-11-15.16:59:50.736 [error] AxiosError: Request failed with status code 404
    at settle (file:///C:/Projects/next-blog-fe-ts/node_modules/axios/lib/core/settle.js:19:12)
    at IncomingMessage.handleStreamEnd (file:///C:/Projects/next-blog-fe-ts/node_modules/axios/lib/adapters/http.js:572:11)
    at IncomingMessage.emit (node:events:525:35)
    at endReadableNT (node:internal/streams/readable:1359:12)
    at process.processTicksAndRejections (node:internal/process/task_queues:82:21)
2023-11-15.19:05:59.428 [info] [en] : /post
2023-11-15.19:15:50.394 [info] [en] : /post
2023-11-15.19:16:32.344 [info] [id] : /post?keyword=xx'
2023-11-15.19:16:33.523 [info] [en] : /post?keyword=xx'
2023-11-15.19:16:36.196 [info] [id] : /post?keyword=xx
2023-11-15.19:16:37.397 [info] [en] : /post?keyword=xx
2023-11-15.19:16:44.541 [info] [id] : /post?keyword=xxcc
2023-11-15.19:16:45.658 [info] [en] : /post?keyword=xxcc
2023-11-15.19:16:48.019 [info] [id] : /post?keyword=xxcc
2023-11-15.19:16:48.137 [info] [en] : /post?keyword=xxcc
2023-11-15.19:16:49.951 [info] [id] : /post?keyword=xxcc
2023-11-15.19:16:50.063 [info] [en] : /post?keyword=xxcc
2023-11-15.19:16:52.462 [info] [id] : /post?keyword=xxcc
2023-11-15.19:16:52.582 [info] [en] : /post?keyword=xxcc
2023-11-15.19:18:44.542 [info] [en] : /post?keyword=xxcc
2023-11-15.19:18:44.610 [info] [en] : /post?keyword=xxcc
2023-11-15.19:18:52.374 [info] [id] : /post?keyword=xxcc
2023-11-15.19:18:53.865 [info] [en] : /post?keyword=xxcc
2023-11-15.19:18:54.961 [info] [id] : /post?keyword=xxcc
2023-11-15.19:18:56.254 [info] [en] : /post?keyword=xxcc
2023-11-15.19:19:20.420 [info] [id] : /post?keyword=xxcc
2023-11-15.19:19:28.941 [info] [en] : /post?keyword=xxcc
2023-11-15.19:19:30.907 [info] [id] : /post?keyword=xxcc
2023-11-15.19:19:41.986 [info] [en] : /post?keyword=xxcc
2023-11-15.19:19:49.908 [info] [id] : /post?keyword=xxcc
2023-11-15.19:20:00.989 [info] [id] : /
2023-11-15.19:21:27.976 [info] [id] : /post
2023-11-15.19:22:25.934 [info] [id] : /post
2023-11-15.19:22:25.975 [info] [id] : /post
2023-11-15.19:22:34.403 [info] [id] : /post
2023-11-15.19:22:34.422 [info] [id] : /post
2023-11-16.06:50:29.422 [info] [id] : /post?page=2
2023-11-16.06:51:20.763 [info] [id] : /post?page=1
2023-11-16.06:52:11.469 [info] [id] : /post?tag=typescript
2023-11-16.06:52:14.267 [info] [id] : /post?tag=tailwindcss
2023-11-16.06:52:23.043 [info] [id] : /post?tag=ssssd
2023-11-16.06:52:26.018 [info] [id] : /post?tag=react
2023-11-16.06:52:28.438 [info] [id] : /post?tag=postgresql
